
/pool/condor/dir_20586

... start job at 2021-02-06 14:47:19
----- directory before running:
.:
total 28
-rw-r--r--. 1 yixiao zh    0 Feb  6 14:47 _condor_stderr
-rw-r--r--. 1 yixiao zh   94 Feb  6 14:47 _condor_stdout
-rw-r--r--. 1 yixiao zh 5455 Feb  6 14:47 condor_coffea_WS.py
-rwxr-xr-x. 1 yixiao zh  805 Feb  6 14:47 condor_exec.exe
drwx------. 3 yixiao zh 4096 Feb  6 14:47 tmp
drwx------. 3 yixiao zh 4096 Feb  6 14:47 var
-rw-------. 1 yixiao zh 2534 Feb  6 14:47 yixiao.cc

./tmp:
total 4
drwxr-xr-x. 3 yixiao zh 4096 Feb  6 14:47 mjf-yixiao

./tmp/mjf-yixiao:
total 4
drwxr-xr-x. 2 yixiao zh 4096 Feb  6 14:47 jobfeatures-bigbird11.cern.ch_7297939.37_1612618967

./tmp/mjf-yixiao/jobfeatures-bigbird11.cern.ch_7297939.37_1612618967:
total 28
-rw-r--r--. 1 yixiao zh  1 Feb  6 14:47 allocated_cpu
-rw-r--r--. 1 yixiao zh  6 Feb  6 14:47 cpu_limit_secs
-rw-r--r--. 1 yixiao zh 39 Feb  6 14:47 job_id
-rw-r--r--. 1 yixiao zh 10 Feb  6 14:47 jobstart_secs
-rw-r--r--. 1 yixiao zh 10 Feb  6 14:47 max_rss_bytes
-rw-r--r--. 1 yixiao zh 10 Feb  6 14:47 scratch_limit_bytes
-rw-r--r--. 1 yixiao zh  6 Feb  6 14:47 wall_limit_secs

./var:
total 4
drwx------. 2 yixiao zh 4096 Feb  6 14:47 tmp

./var/tmp:
total 0
----- CMSSW BASE, python path, pwd:
+ CMSSW_BASE  = /afs/cern.ch/user/y/yixiao/CMSSW_10_6_8
+ PYTHON_PATH = 
+ PWD         = /pool/condor/dir_20586
----- transfer output to eos :
----- directory after running :
.:
total 36
-rw-r--r--. 1 yixiao zh  140 Feb  6 14:47 _condor_stderr
-rw-r--r--. 1 yixiao zh 1427 Feb  6 14:47 _condor_stdout
-rw-r--r--. 1 yixiao zh 5455 Feb  6 14:47 condor_coffea_WS.py
-rwxr-xr-x. 1 yixiao zh  805 Feb  6 14:47 condor_exec.exe
drwx------. 3 yixiao zh 4096 Feb  6 14:47 tmp
drwx------. 3 yixiao zh 4096 Feb  6 14:47 var
-rw-------. 1 yixiao zh 4741 Feb  6 14:47 yixiao.cc

./tmp:
total 4
drwxr-xr-x. 3 yixiao zh 4096 Feb  6 14:47 mjf-yixiao

./tmp/mjf-yixiao:
total 4
drwxr-xr-x. 2 yixiao zh 4096 Feb  6 14:47 jobfeatures-bigbird11.cern.ch_7297939.37_1612618967

./tmp/mjf-yixiao/jobfeatures-bigbird11.cern.ch_7297939.37_1612618967:
total 28
-rw-r--r--. 1 yixiao zh  1 Feb  6 14:47 allocated_cpu
-rw-r--r--. 1 yixiao zh  6 Feb  6 14:47 cpu_limit_secs
-rw-r--r--. 1 yixiao zh 39 Feb  6 14:47 job_id
-rw-r--r--. 1 yixiao zh 10 Feb  6 14:47 jobstart_secs
-rw-r--r--. 1 yixiao zh 10 Feb  6 14:47 max_rss_bytes
-rw-r--r--. 1 yixiao zh 10 Feb  6 14:47 scratch_limit_bytes
-rw-r--r--. 1 yixiao zh  6 Feb  6 14:47 wall_limit_secs

./var:
total 4
drwx------. 2 yixiao zh 4096 Feb  6 14:47 tmp

./var/tmp:
total 0
 ------ THE END (everyone dies !) ----- 
