
/pool/condor/dir_24397

... start job at 2021-02-06 15:02:23
----- directory before running:
.:
total 28
-rw-r--r--. 1 yixiao zh    0 Feb  6 15:02 _condor_stderr
-rw-r--r--. 1 yixiao zh   94 Feb  6 15:02 _condor_stdout
-rw-r--r--. 1 yixiao zh 5455 Feb  6 15:02 condor_coffea_WS.py
-rwxr-xr-x. 1 yixiao zh  804 Feb  6 15:02 condor_exec.exe
drwx------. 3 yixiao zh 4096 Feb  6 15:02 tmp
drwx------. 3 yixiao zh 4096 Feb  6 15:02 var
-rw-------. 1 yixiao zh 2534 Feb  6 15:02 yixiao.cc

./tmp:
total 4
drwxr-xr-x. 3 yixiao zh 4096 Feb  6 15:02 mjf-yixiao

./tmp/mjf-yixiao:
total 4
drwxr-xr-x. 2 yixiao zh 4096 Feb  6 15:02 jobfeatures-bigbird11.cern.ch_7297968.82_1612619908

./tmp/mjf-yixiao/jobfeatures-bigbird11.cern.ch_7297968.82_1612619908:
total 28
-rw-r--r--. 1 yixiao zh  1 Feb  6 15:02 allocated_cpu
-rw-r--r--. 1 yixiao zh  6 Feb  6 15:02 cpu_limit_secs
-rw-r--r--. 1 yixiao zh 39 Feb  6 15:02 job_id
-rw-r--r--. 1 yixiao zh 10 Feb  6 15:02 jobstart_secs
-rw-r--r--. 1 yixiao zh 10 Feb  6 15:02 max_rss_bytes
-rw-r--r--. 1 yixiao zh 10 Feb  6 15:02 scratch_limit_bytes
-rw-r--r--. 1 yixiao zh  6 Feb  6 15:02 wall_limit_secs

./var:
total 4
drwx------. 2 yixiao zh 4096 Feb  6 15:02 tmp

./var/tmp:
total 0
----- CMSSW BASE, python path, pwd:
+ CMSSW_BASE  = /afs/cern.ch/user/y/yixiao/CMSSW_10_6_8
+ PYTHON_PATH = 
+ PWD         = /pool/condor/dir_24397
----- transfer output to eos :
----- directory after running :
.:
total 36
-rw-r--r--. 1 yixiao zh 1965 Feb  6 15:02 _condor_stderr
-rw-r--r--. 1 yixiao zh 1427 Feb  6 15:02 _condor_stdout
-rw-r--r--. 1 yixiao zh 5455 Feb  6 15:02 condor_coffea_WS.py
-rwxr-xr-x. 1 yixiao zh  804 Feb  6 15:02 condor_exec.exe
drwx------. 3 yixiao zh 4096 Feb  6 15:02 tmp
drwx------. 3 yixiao zh 4096 Feb  6 15:02 var
-rw-------. 1 yixiao zh 4741 Feb  6 15:02 yixiao.cc

./tmp:
total 4
drwxr-xr-x. 3 yixiao zh 4096 Feb  6 15:02 mjf-yixiao

./tmp/mjf-yixiao:
total 4
drwxr-xr-x. 2 yixiao zh 4096 Feb  6 15:02 jobfeatures-bigbird11.cern.ch_7297968.82_1612619908

./tmp/mjf-yixiao/jobfeatures-bigbird11.cern.ch_7297968.82_1612619908:
total 28
-rw-r--r--. 1 yixiao zh  1 Feb  6 15:02 allocated_cpu
-rw-r--r--. 1 yixiao zh  6 Feb  6 15:02 cpu_limit_secs
-rw-r--r--. 1 yixiao zh 39 Feb  6 15:02 job_id
-rw-r--r--. 1 yixiao zh 10 Feb  6 15:02 jobstart_secs
-rw-r--r--. 1 yixiao zh 10 Feb  6 15:02 max_rss_bytes
-rw-r--r--. 1 yixiao zh 10 Feb  6 15:02 scratch_limit_bytes
-rw-r--r--. 1 yixiao zh  6 Feb  6 15:02 wall_limit_secs

./var:
total 4
drwx------. 2 yixiao zh 4096 Feb  6 15:02 tmp

./var/tmp:
total 0
 ------ THE END (everyone dies !) ----- 
